<?xml version="1.0" encoding="UTF-8"?>
<coverage generated="1651434835778" clover="3.2.0">
  <project timestamp="1651434835778" name="All files">
    <metrics statements="132" coveredstatements="127" conditionals="48" coveredconditionals="38" methods="40" coveredmethods="39" elements="220" coveredelements="204" complexity="0" loc="132" ncloc="132" packages="5" files="29" classes="29"/>
    <package name="elastic-object">
      <metrics statements="13" coveredstatements="13" conditionals="7" coveredconditionals="5" methods="7" coveredmethods="7"/>
      <file name="ElasticObject.js" path="F:\htdocs\elastic-object\ElasticObject.js">
        <metrics statements="13" coveredstatements="13" conditionals="7" coveredconditionals="5" methods="7" coveredmethods="7"/>
        <line num="10" count="31" type="stmt"/>
        <line num="45" count="1" type="stmt"/>
        <line num="60" count="19" type="stmt"/>
        <line num="79" count="2" type="stmt"/>
        <line num="88" count="57" type="stmt"/>
        <line num="107" count="57" type="stmt"/>
        <line num="108" count="58" type="stmt"/>
        <line num="109" count="1434" type="cond" truecount="1" falsecount="1"/>
        <line num="110" count="1434" type="stmt"/>
        <line num="115" count="57" type="stmt"/>
        <line num="117" count="57" type="cond" truecount="0" falsecount="1"/>
        <line num="118" count="17" type="stmt"/>
        <line num="120" count="57" type="stmt"/>
      </file>
    </package>
    <package name="elastic-object.data">
      <metrics statements="11" coveredstatements="10" conditionals="0" coveredconditionals="0" methods="3" coveredmethods="2"/>
      <file name="data.js" path="F:\htdocs\elastic-object\data\data.js">
        <metrics statements="11" coveredstatements="10" conditionals="0" coveredconditionals="0" methods="3" coveredmethods="2"/>
        <line num="2" count="31" type="stmt"/>
        <line num="11" count="31" type="stmt"/>
        <line num="24" count="31" type="stmt"/>
        <line num="45" count="31" type="stmt"/>
        <line num="47" count="1" type="stmt"/>
        <line num="50" count="1" type="stmt"/>
        <line num="53" count="0" type="stmt"/>
        <line num="57" count="31" type="stmt"/>
        <line num="62" count="31" type="stmt"/>
        <line num="68" count="31" type="stmt"/>
        <line num="70" count="31" type="stmt"/>
      </file>
    </package>
    <package name="elastic-object.plugins">
      <metrics statements="0" coveredstatements="0" conditionals="0" coveredconditionals="0" methods="0" coveredmethods="0"/>
      <file name="array.js" path="F:\htdocs\elastic-object\plugins\array.js">
        <metrics statements="0" coveredstatements="0" conditionals="0" coveredconditionals="0" methods="0" coveredmethods="0"/>
      </file>
      <file name="native.js" path="F:\htdocs\elastic-object\plugins\native.js">
        <metrics statements="0" coveredstatements="0" conditionals="0" coveredconditionals="0" methods="0" coveredmethods="0"/>
      </file>
    </package>
    <package name="elastic-object.plugins.array">
      <metrics statements="61" coveredstatements="59" conditionals="18" coveredconditionals="13" methods="14" coveredmethods="14"/>
      <file name="every.js" path="F:\htdocs\elastic-object\plugins\array\every.js">
        <metrics statements="6" coveredstatements="6" conditionals="2" coveredconditionals="2" methods="1" coveredmethods="1"/>
        <line num="18" count="31" type="stmt"/>
        <line num="19" count="3" type="stmt"/>
        <line num="20" count="3" type="stmt"/>
        <line num="21" count="17" type="cond" truecount="2" falsecount="0"/>
        <line num="22" count="1" type="stmt"/>
        <line num="25" count="2" type="stmt"/>
      </file>
      <file name="filter.js" path="F:\htdocs\elastic-object\plugins\array\filter.js">
        <metrics statements="7" coveredstatements="7" conditionals="2" coveredconditionals="2" methods="1" coveredmethods="1"/>
        <line num="21" count="31" type="stmt"/>
        <line num="22" count="2" type="stmt"/>
        <line num="23" count="2" type="stmt"/>
        <line num="24" count="2" type="stmt"/>
        <line num="25" count="12" type="cond" truecount="2" falsecount="0"/>
        <line num="26" count="6" type="stmt"/>
        <line num="29" count="2" type="stmt"/>
      </file>
      <file name="find.js" path="F:\htdocs\elastic-object\plugins\array\find.js">
        <metrics statements="5" coveredstatements="5" conditionals="4" coveredconditionals="3" methods="1" coveredmethods="1"/>
        <line num="23" count="31" type="stmt"/>
        <line num="24" count="3" type="stmt"/>
        <line num="25" count="3" type="stmt"/>
        <line num="26" count="11" type="cond" truecount="2" falsecount="0"/>
        <line num="27" count="2" type="cond" truecount="1" falsecount="1"/>
      </file>
      <file name="forEach.js" path="F:\htdocs\elastic-object\plugins\array\forEach.js">
        <metrics statements="4" coveredstatements="4" conditionals="0" coveredconditionals="0" methods="1" coveredmethods="1"/>
        <line num="20" count="31" type="stmt"/>
        <line num="21" count="1" type="stmt"/>
        <line num="22" count="1" type="stmt"/>
        <line num="23" count="6" type="stmt"/>
      </file>
      <file name="includes.js" path="F:\htdocs\elastic-object\plugins\array\includes.js">
        <metrics statements="2" coveredstatements="2" conditionals="0" coveredconditionals="0" methods="1" coveredmethods="1"/>
        <line num="21" count="31" type="stmt"/>
        <line num="22" count="2" type="stmt"/>
      </file>
      <file name="length.js" path="F:\htdocs\elastic-object\plugins\array\length.js">
        <metrics statements="2" coveredstatements="2" conditionals="0" coveredconditionals="0" methods="1" coveredmethods="1"/>
        <line num="19" count="31" type="stmt"/>
        <line num="20" count="2" type="stmt"/>
      </file>
      <file name="map.js" path="F:\htdocs\elastic-object\plugins\array\map.js">
        <metrics statements="6" coveredstatements="6" conditionals="0" coveredconditionals="0" methods="1" coveredmethods="1"/>
        <line num="18" count="31" type="stmt"/>
        <line num="19" count="1" type="stmt"/>
        <line num="20" count="1" type="stmt"/>
        <line num="21" count="1" type="stmt"/>
        <line num="22" count="6" type="stmt"/>
        <line num="24" count="1" type="stmt"/>
      </file>
      <file name="reduce.js" path="F:\htdocs\elastic-object\plugins\array\reduce.js">
        <metrics statements="6" coveredstatements="6" conditionals="2" coveredconditionals="1" methods="1" coveredmethods="1"/>
        <line num="26" count="31" type="stmt"/>
        <line num="27" count="1" type="stmt"/>
        <line num="28" count="1" type="stmt"/>
        <line num="29" count="1" type="stmt"/>
        <line num="30" count="6" type="stmt"/>
        <line num="32" count="1" type="cond" truecount="1" falsecount="1"/>
      </file>
      <file name="reduceRight.js" path="F:\htdocs\elastic-object\plugins\array\reduceRight.js">
        <metrics statements="6" coveredstatements="6" conditionals="2" coveredconditionals="1" methods="1" coveredmethods="1"/>
        <line num="24" count="31" type="stmt"/>
        <line num="25" count="1" type="stmt"/>
        <line num="26" count="1" type="stmt"/>
        <line num="27" count="1" type="stmt"/>
        <line num="28" count="3" type="stmt"/>
        <line num="30" count="1" type="cond" truecount="1" falsecount="1"/>
      </file>
      <file name="some.js" path="F:\htdocs\elastic-object\plugins\array\some.js">
        <metrics statements="6" coveredstatements="5" conditionals="2" coveredconditionals="1" methods="1" coveredmethods="1"/>
        <line num="21" count="31" type="stmt"/>
        <line num="22" count="3" type="stmt"/>
        <line num="23" count="3" type="stmt"/>
        <line num="24" count="3" type="cond" truecount="1" falsecount="1"/>
        <line num="25" count="3" type="stmt"/>
        <line num="28" count="0" type="stmt"/>
      </file>
      <file name="sort.js" path="F:\htdocs\elastic-object\plugins\array\sort.js">
        <metrics statements="11" coveredstatements="10" conditionals="4" coveredconditionals="3" methods="4" coveredmethods="4"/>
        <line num="22" count="31" type="stmt"/>
        <line num="23" count="2" type="cond" truecount="2" falsecount="0"/>
        <line num="24" count="2" type="stmt"/>
        <line num="25" count="2" type="stmt"/>
        <line num="26" count="2" type="stmt"/>
        <line num="28" count="4" type="cond" truecount="1" falsecount="1"/>
        <line num="29" count="4" type="stmt"/>
        <line num="31" count="0" type="stmt"/>
        <line num="34" count="2" type="stmt"/>
        <line num="35" count="6" type="stmt"/>
        <line num="37" count="2" type="stmt"/>
      </file>
    </package>
    <package name="elastic-object.plugins.native">
      <metrics statements="47" coveredstatements="45" conditionals="23" coveredconditionals="20" methods="16" coveredmethods="16"/>
      <file name="assign.js" path="F:\htdocs\elastic-object\plugins\native\assign.js">
        <metrics statements="2" coveredstatements="2" conditionals="0" coveredconditionals="0" methods="1" coveredmethods="1"/>
        <line num="24" count="31" type="stmt"/>
        <line num="25" count="1" type="stmt"/>
      </file>
      <file name="clone.js" path="F:\htdocs\elastic-object\plugins\native\clone.js">
        <metrics statements="2" coveredstatements="2" conditionals="0" coveredconditionals="0" methods="1" coveredmethods="1"/>
        <line num="22" count="31" type="stmt"/>
        <line num="23" count="1" type="stmt"/>
      </file>
      <file name="cloneProperty.js" path="F:\htdocs\elastic-object\plugins\native\cloneProperty.js">
        <metrics statements="3" coveredstatements="3" conditionals="2" coveredconditionals="2" methods="1" coveredmethods="1"/>
        <line num="25" count="31" type="stmt"/>
        <line num="26" count="2" type="stmt"/>
        <line num="27" count="2" type="cond" truecount="2" falsecount="0"/>
      </file>
      <file name="entries.js" path="F:\htdocs\elastic-object\plugins\native\entries.js">
        <metrics statements="2" coveredstatements="2" conditionals="0" coveredconditionals="0" methods="1" coveredmethods="1"/>
        <line num="20" count="31" type="stmt"/>
        <line num="21" count="18" type="stmt"/>
      </file>
      <file name="findPath.js" path="F:\htdocs\elastic-object\plugins\native\findPath.js">
        <metrics statements="5" coveredstatements="5" conditionals="2" coveredconditionals="2" methods="1" coveredmethods="1"/>
        <line num="21" count="31" type="stmt"/>
        <line num="22" count="2" type="stmt"/>
        <line num="23" count="2" type="stmt"/>
        <line num="24" count="20" type="cond" truecount="2" falsecount="0"/>
        <line num="25" count="1" type="stmt"/>
      </file>
      <file name="flatten.js" path="F:\htdocs\elastic-object\plugins\native\flatten.js">
        <metrics statements="15" coveredstatements="13" conditionals="14" coveredconditionals="12" methods="3" coveredmethods="3"/>
        <line num="11" count="31" type="cond" truecount="2" falsecount="0"/>
        <line num="12" count="20" type="cond" truecount="3" falsecount="1"/>
        <line num="13" count="0" type="stmt"/>
        <line num="15" count="20" type="stmt"/>
        <line num="16" count="20" type="cond" truecount="1" falsecount="1"/>
        <line num="17" count="0" type="stmt"/>
        <line num="21" count="20" type="stmt"/>
        <line num="23" count="40" type="cond" truecount="2" falsecount="0"/>
        <line num="24" count="40" type="cond" truecount="4" falsecount="0"/>
        <line num="25" count="16" type="stmt"/>
        <line num="26" count="16" type="stmt"/>
        <line num="28" count="24" type="stmt"/>
        <line num="31" count="20" type="stmt"/>
        <line num="50" count="31" type="stmt"/>
        <line num="51" count="4" type="stmt"/>
      </file>
      <file name="get.js" path="F:\htdocs\elastic-object\plugins\native\get.js">
        <metrics statements="3" coveredstatements="3" conditionals="2" coveredconditionals="2" methods="1" coveredmethods="1"/>
        <line num="28" count="31" type="stmt"/>
        <line num="29" count="23" type="stmt"/>
        <line num="30" count="23" type="cond" truecount="2" falsecount="0"/>
      </file>
      <file name="has.js" path="F:\htdocs\elastic-object\plugins\native\has.js">
        <metrics statements="2" coveredstatements="2" conditionals="0" coveredconditionals="0" methods="1" coveredmethods="1"/>
        <line num="23" count="31" type="stmt"/>
        <line num="24" count="4" type="stmt"/>
      </file>
      <file name="keys.js" path="F:\htdocs\elastic-object\plugins\native\keys.js">
        <metrics statements="2" coveredstatements="2" conditionals="0" coveredconditionals="0" methods="1" coveredmethods="1"/>
        <line num="19" count="31" type="stmt"/>
        <line num="20" count="3" type="stmt"/>
      </file>
      <file name="paths.js" path="F:\htdocs\elastic-object\plugins\native\paths.js">
        <metrics statements="2" coveredstatements="2" conditionals="0" coveredconditionals="0" methods="1" coveredmethods="1"/>
        <line num="17" count="31" type="stmt"/>
        <line num="18" count="1" type="stmt"/>
      </file>
      <file name="set.js" path="F:\htdocs\elastic-object\plugins\native\set.js">
        <metrics statements="3" coveredstatements="3" conditionals="0" coveredconditionals="0" methods="1" coveredmethods="1"/>
        <line num="27" count="31" type="stmt"/>
        <line num="28" count="26" type="stmt"/>
        <line num="29" count="26" type="stmt"/>
      </file>
      <file name="toJson.js" path="F:\htdocs\elastic-object\plugins\native\toJson.js">
        <metrics statements="2" coveredstatements="2" conditionals="3" coveredconditionals="2" methods="1" coveredmethods="1"/>
        <line num="27" count="31" type="cond" truecount="1" falsecount="0"/>
        <line num="28" count="1" type="cond" truecount="1" falsecount="1"/>
      </file>
      <file name="unset.js" path="F:\htdocs\elastic-object\plugins\native\unset.js">
        <metrics statements="2" coveredstatements="2" conditionals="0" coveredconditionals="0" methods="1" coveredmethods="1"/>
        <line num="20" count="31" type="stmt"/>
        <line num="21" count="1" type="stmt"/>
      </file>
      <file name="values.js" path="F:\htdocs\elastic-object\plugins\native\values.js">
        <metrics statements="2" coveredstatements="2" conditionals="0" coveredconditionals="0" methods="1" coveredmethods="1"/>
        <line num="13" count="31" type="stmt"/>
        <line num="14" count="4" type="stmt"/>
      </file>
    </package>
  </project>
</coverage>
