{"F:\\htdocs\\elastic-object\\ElasticObject.js": {"path":"F:\\htdocs\\elastic-object\\ElasticObject.js","statementMap":{"0":{"start":{"line":10,"column":23},"end":{"line":13,"column":1}},"1":{"start":{"line":45,"column":8},"end":{"line":45,"column":68}},"2":{"start":{"line":60,"column":8},"end":{"line":60,"column":48}},"3":{"start":{"line":79,"column":8},"end":{"line":79,"column":71}},"4":{"start":{"line":88,"column":8},"end":{"line":88,"column":16}},"5":{"start":{"line":107,"column":8},"end":{"line":113,"column":10}},"6":{"start":{"line":108,"column":12},"end":{"line":112,"column":15}},"7":{"start":{"line":109,"column":16},"end":{"line":111,"column":17}},"8":{"start":{"line":110,"column":20},"end":{"line":110,"column":59}},"9":{"start":{"line":115,"column":8},"end":{"line":115,"column":60}},"10":{"start":{"line":117,"column":8},"end":{"line":119,"column":10}},"11":{"start":{"line":118,"column":12},"end":{"line":118,"column":55}},"12":{"start":{"line":120,"column":8},"end":{"line":120,"column":34}}},"fnMap":{"0":{"name":"(anonymous_0)","decl":{"start":{"line":44,"column":4},"end":{"line":44,"column":5}},"loc":{"start":{"line":44,"column":38},"end":{"line":46,"column":5}},"line":44},"1":{"name":"(anonymous_1)","decl":{"start":{"line":59,"column":4},"end":{"line":59,"column":5}},"loc":{"start":{"line":59,"column":38},"end":{"line":61,"column":5}},"line":59},"2":{"name":"(anonymous_2)","decl":{"start":{"line":78,"column":4},"end":{"line":78,"column":5}},"loc":{"start":{"line":78,"column":46},"end":{"line":80,"column":5}},"line":78},"3":{"name":"(anonymous_3)","decl":{"start":{"line":87,"column":4},"end":{"line":87,"column":5}},"loc":{"start":{"line":87,"column":41},"end":{"line":121,"column":5}},"line":87},"4":{"name":"(anonymous_4)","decl":{"start":{"line":107,"column":46},"end":{"line":107,"column":47}},"loc":{"start":{"line":107,"column":65},"end":{"line":113,"column":9}},"line":107},"5":{"name":"(anonymous_5)","decl":{"start":{"line":108,"column":44},"end":{"line":108,"column":45}},"loc":{"start":{"line":108,"column":64},"end":{"line":112,"column":13}},"line":108},"6":{"name":"(anonymous_6)","decl":{"start":{"line":117,"column":41},"end":{"line":117,"column":42}},"loc":{"start":{"line":117,"column":62},"end":{"line":119,"column":9}},"line":117}},"branchMap":{"0":{"loc":{"start":{"line":59,"column":24},"end":{"line":59,"column":36}},"type":"default-arg","locations":[{"start":{"line":59,"column":34},"end":{"line":59,"column":36}}],"line":59},"1":{"loc":{"start":{"line":78,"column":32},"end":{"line":78,"column":44}},"type":"default-arg","locations":[{"start":{"line":78,"column":42},"end":{"line":78,"column":44}}],"line":78},"2":{"loc":{"start":{"line":87,"column":16},"end":{"line":87,"column":25}},"type":"default-arg","locations":[{"start":{"line":87,"column":23},"end":{"line":87,"column":25}}],"line":87},"3":{"loc":{"start":{"line":87,"column":27},"end":{"line":87,"column":39}},"type":"default-arg","locations":[{"start":{"line":87,"column":37},"end":{"line":87,"column":39}}],"line":87},"4":{"loc":{"start":{"line":109,"column":16},"end":{"line":111,"column":17}},"type":"if","locations":[{"start":{"line":109,"column":16},"end":{"line":111,"column":17}},{"start":{},"end":{}}],"line":109},"5":{"loc":{"start":{"line":117,"column":51},"end":{"line":117,"column":60}},"type":"default-arg","locations":[{"start":{"line":117,"column":58},"end":{"line":117,"column":60}}],"line":117}},"s":{"0":31,"1":1,"2":19,"3":2,"4":57,"5":57,"6":58,"7":1434,"8":1434,"9":57,"10":57,"11":17,"12":57},"f":{"0":1,"1":19,"2":2,"3":57,"4":58,"5":1434,"6":17},"b":{"0":[1],"1":[1],"2":[1],"3":[36],"4":[1434,0],"5":[0]},"_coverageSchema":"1a1c01bbd47fc00a2c39e90264f33305004495a9","hash":"786197f55a24f88a3ccaf3fe321fb69ad481f510"}
,"F:\\htdocs\\elastic-object\\data\\data.js": {"path":"F:\\htdocs\\elastic-object\\data\\data.js","statementMap":{"0":{"start":{"line":2,"column":23},"end":{"line":9,"column":1}},"1":{"start":{"line":11,"column":26},"end":{"line":22,"column":1}},"2":{"start":{"line":24,"column":23},"end":{"line":43,"column":1}},"3":{"start":{"line":45,"column":23},"end":{"line":55,"column":1}},"4":{"start":{"line":47,"column":8},"end":{"line":47,"column":22}},"5":{"start":{"line":50,"column":8},"end":{"line":50,"column":24}},"6":{"start":{"line":53,"column":8},"end":{"line":53,"column":19}},"7":{"start":{"line":57,"column":24},"end":{"line":60,"column":2}},"8":{"start":{"line":62,"column":19},"end":{"line":66,"column":1}},"9":{"start":{"line":68,"column":24},"end":{"line":68,"column":44}},"10":{"start":{"line":70,"column":30},"end":{"line":86,"column":1}}},"fnMap":{"0":{"name":"(anonymous_0)","decl":{"start":{"line":46,"column":13},"end":{"line":46,"column":14}},"loc":{"start":{"line":46,"column":25},"end":{"line":48,"column":5}},"line":46},"1":{"name":"(anonymous_1)","decl":{"start":{"line":49,"column":13},"end":{"line":49,"column":14}},"loc":{"start":{"line":49,"column":25},"end":{"line":51,"column":5}},"line":49},"2":{"name":"(anonymous_2)","decl":{"start":{"line":52,"column":13},"end":{"line":52,"column":14}},"loc":{"start":{"line":52,"column":25},"end":{"line":54,"column":5}},"line":52}},"branchMap":{},"s":{"0":31,"1":31,"2":31,"3":31,"4":1,"5":1,"6":0,"7":31,"8":31,"9":31,"10":31},"f":{"0":1,"1":1,"2":0},"b":{},"_coverageSchema":"1a1c01bbd47fc00a2c39e90264f33305004495a9","hash":"ea6b3d06b01b5f8a549d1b8be5ff0ebf95061096"}
,"F:\\htdocs\\elastic-object\\plugins\\array.js": {"path":"F:\\htdocs\\elastic-object\\plugins\\array.js","statementMap":{},"fnMap":{},"branchMap":{},"s":{},"f":{},"b":{},"_coverageSchema":"1a1c01bbd47fc00a2c39e90264f33305004495a9","hash":"d98931e2a516b8f9e32ea9cf8322faf3219847aa"}
,"F:\\htdocs\\elastic-object\\plugins\\native.js": {"path":"F:\\htdocs\\elastic-object\\plugins\\native.js","statementMap":{},"fnMap":{},"branchMap":{},"s":{},"f":{},"b":{},"_coverageSchema":"1a1c01bbd47fc00a2c39e90264f33305004495a9","hash":"2ce7c4c2749f5c2135cb89dfbea2d7eea18649fe"}
,"F:\\htdocs\\elastic-object\\plugins\\array\\every.js": {"path":"F:\\htdocs\\elastic-object\\plugins\\array\\every.js","statementMap":{"0":{"start":{"line":18,"column":14},"end":{"line":26,"column":1}},"1":{"start":{"line":19,"column":20},"end":{"line":19,"column":34}},"2":{"start":{"line":20,"column":4},"end":{"line":24,"column":5}},"3":{"start":{"line":21,"column":8},"end":{"line":23,"column":9}},"4":{"start":{"line":22,"column":12},"end":{"line":22,"column":25}},"5":{"start":{"line":25,"column":4},"end":{"line":25,"column":16}}},"fnMap":{"0":{"name":"(anonymous_0)","decl":{"start":{"line":18,"column":14},"end":{"line":18,"column":15}},"loc":{"start":{"line":18,"column":45},"end":{"line":26,"column":1}},"line":18}},"branchMap":{"0":{"loc":{"start":{"line":21,"column":8},"end":{"line":23,"column":9}},"type":"if","locations":[{"start":{"line":21,"column":8},"end":{"line":23,"column":9}},{"start":{},"end":{}}],"line":21}},"s":{"0":31,"1":3,"2":3,"3":17,"4":1,"5":2},"f":{"0":3},"b":{"0":[1,16]},"_coverageSchema":"1a1c01bbd47fc00a2c39e90264f33305004495a9","hash":"d935f11d5c6b310244c66d28567884e228a34e68"}
,"F:\\htdocs\\elastic-object\\plugins\\array\\filter.js": {"path":"F:\\htdocs\\elastic-object\\plugins\\array\\filter.js","statementMap":{"0":{"start":{"line":21,"column":15},"end":{"line":30,"column":1}},"1":{"start":{"line":22,"column":21},"end":{"line":22,"column":36}},"2":{"start":{"line":23,"column":20},"end":{"line":23,"column":34}},"3":{"start":{"line":24,"column":4},"end":{"line":28,"column":5}},"4":{"start":{"line":25,"column":8},"end":{"line":27,"column":9}},"5":{"start":{"line":26,"column":12},"end":{"line":26,"column":38}},"6":{"start":{"line":29,"column":4},"end":{"line":29,"column":20}}},"fnMap":{"0":{"name":"(anonymous_0)","decl":{"start":{"line":21,"column":15},"end":{"line":21,"column":16}},"loc":{"start":{"line":21,"column":46},"end":{"line":30,"column":1}},"line":21}},"branchMap":{"0":{"loc":{"start":{"line":25,"column":8},"end":{"line":27,"column":9}},"type":"if","locations":[{"start":{"line":25,"column":8},"end":{"line":27,"column":9}},{"start":{},"end":{}}],"line":25}},"s":{"0":31,"1":2,"2":2,"3":2,"4":12,"5":6,"6":2},"f":{"0":2},"b":{"0":[6,6]},"_coverageSchema":"1a1c01bbd47fc00a2c39e90264f33305004495a9","hash":"da22d916faddd32e6a49cb5c829d04767e80f130"}
,"F:\\htdocs\\elastic-object\\plugins\\array\\find.js": {"path":"F:\\htdocs\\elastic-object\\plugins\\array\\find.js","statementMap":{"0":{"start":{"line":23,"column":13},"end":{"line":30,"column":1}},"1":{"start":{"line":24,"column":20},"end":{"line":24,"column":34}},"2":{"start":{"line":25,"column":4},"end":{"line":29,"column":5}},"3":{"start":{"line":26,"column":8},"end":{"line":28,"column":9}},"4":{"start":{"line":27,"column":12},"end":{"line":27,"column":69}}},"fnMap":{"0":{"name":"(anonymous_0)","decl":{"start":{"line":23,"column":13},"end":{"line":23,"column":14}},"loc":{"start":{"line":23,"column":44},"end":{"line":30,"column":1}},"line":23}},"branchMap":{"0":{"loc":{"start":{"line":26,"column":8},"end":{"line":28,"column":9}},"type":"if","locations":[{"start":{"line":26,"column":8},"end":{"line":28,"column":9}},{"start":{},"end":{}}],"line":26},"1":{"loc":{"start":{"line":27,"column":19},"end":{"line":27,"column":68}},"type":"cond-expr","locations":[{"start":{"line":27,"column":42},"end":{"line":27,"column":60}},{"start":{"line":27,"column":63},"end":{"line":27,"column":68}}],"line":27}},"s":{"0":31,"1":3,"2":3,"3":11,"4":2},"f":{"0":3},"b":{"0":[2,9],"1":[0,2]},"_coverageSchema":"1a1c01bbd47fc00a2c39e90264f33305004495a9","hash":"e64f958ff08f7f45e8d387860233fae1fcaf9a47"}
,"F:\\htdocs\\elastic-object\\plugins\\array\\forEach.js": {"path":"F:\\htdocs\\elastic-object\\plugins\\array\\forEach.js","statementMap":{"0":{"start":{"line":20,"column":16},"end":{"line":25,"column":1}},"1":{"start":{"line":21,"column":20},"end":{"line":21,"column":34}},"2":{"start":{"line":22,"column":4},"end":{"line":24,"column":5}},"3":{"start":{"line":23,"column":8},"end":{"line":23,"column":50}}},"fnMap":{"0":{"name":"(anonymous_0)","decl":{"start":{"line":20,"column":16},"end":{"line":20,"column":17}},"loc":{"start":{"line":20,"column":47},"end":{"line":25,"column":1}},"line":20}},"branchMap":{},"s":{"0":31,"1":1,"2":1,"3":6},"f":{"0":1},"b":{},"_coverageSchema":"1a1c01bbd47fc00a2c39e90264f33305004495a9","hash":"a0a9b9f2ae050424c77ece5c83e7ccf9af4de4d1"}
,"F:\\htdocs\\elastic-object\\plugins\\array\\includes.js": {"path":"F:\\htdocs\\elastic-object\\plugins\\array\\includes.js","statementMap":{"0":{"start":{"line":21,"column":17},"end":{"line":23,"column":1}},"1":{"start":{"line":22,"column":4},"end":{"line":22,"column":49}}},"fnMap":{"0":{"name":"(anonymous_0)","decl":{"start":{"line":21,"column":17},"end":{"line":21,"column":18}},"loc":{"start":{"line":21,"column":42},"end":{"line":23,"column":1}},"line":21}},"branchMap":{},"s":{"0":31,"1":2},"f":{"0":2},"b":{},"_coverageSchema":"1a1c01bbd47fc00a2c39e90264f33305004495a9","hash":"4b59f7387294e410651331ec15ca6faab695b0bb"}
,"F:\\htdocs\\elastic-object\\plugins\\array\\length.js": {"path":"F:\\htdocs\\elastic-object\\plugins\\array\\length.js","statementMap":{"0":{"start":{"line":19,"column":15},"end":{"line":21,"column":1}},"1":{"start":{"line":20,"column":4},"end":{"line":20,"column":30}}},"fnMap":{"0":{"name":"(anonymous_0)","decl":{"start":{"line":19,"column":15},"end":{"line":19,"column":16}},"loc":{"start":{"line":19,"column":27},"end":{"line":21,"column":1}},"line":19}},"branchMap":{},"s":{"0":31,"1":2},"f":{"0":2},"b":{},"_coverageSchema":"1a1c01bbd47fc00a2c39e90264f33305004495a9","hash":"5db03d97132589a1b95b69b66b476972428dfd75"}
,"F:\\htdocs\\elastic-object\\plugins\\array\\map.js": {"path":"F:\\htdocs\\elastic-object\\plugins\\array\\map.js","statementMap":{"0":{"start":{"line":18,"column":12},"end":{"line":25,"column":1}},"1":{"start":{"line":19,"column":19},"end":{"line":19,"column":34}},"2":{"start":{"line":20,"column":20},"end":{"line":20,"column":34}},"3":{"start":{"line":21,"column":4},"end":{"line":23,"column":5}},"4":{"start":{"line":22,"column":8},"end":{"line":22,"column":68}},"5":{"start":{"line":24,"column":4},"end":{"line":24,"column":18}}},"fnMap":{"0":{"name":"(anonymous_0)","decl":{"start":{"line":18,"column":12},"end":{"line":18,"column":13}},"loc":{"start":{"line":18,"column":43},"end":{"line":25,"column":1}},"line":18}},"branchMap":{},"s":{"0":31,"1":1,"2":1,"3":1,"4":6,"5":1},"f":{"0":1},"b":{},"_coverageSchema":"1a1c01bbd47fc00a2c39e90264f33305004495a9","hash":"33d7a9cb4b1a39417d37af9cdfa0044ef376171b"}
,"F:\\htdocs\\elastic-object\\plugins\\array\\reduce.js": {"path":"F:\\htdocs\\elastic-object\\plugins\\array\\reduce.js","statementMap":{"0":{"start":{"line":26,"column":15},"end":{"line":33,"column":1}},"1":{"start":{"line":27,"column":20},"end":{"line":27,"column":34}},"2":{"start":{"line":28,"column":22},"end":{"line":28,"column":34}},"3":{"start":{"line":29,"column":4},"end":{"line":31,"column":5}},"4":{"start":{"line":30,"column":8},"end":{"line":30,"column":77}},"5":{"start":{"line":32,"column":4},"end":{"line":32,"column":79}}},"fnMap":{"0":{"name":"(anonymous_0)","decl":{"start":{"line":26,"column":15},"end":{"line":26,"column":16}},"loc":{"start":{"line":26,"column":60},"end":{"line":33,"column":1}},"line":26}},"branchMap":{"0":{"loc":{"start":{"line":32,"column":11},"end":{"line":32,"column":78}},"type":"cond-expr","locations":[{"start":{"line":32,"column":40},"end":{"line":32,"column":64}},{"start":{"line":32,"column":67},"end":{"line":32,"column":78}}],"line":32}},"s":{"0":31,"1":1,"2":1,"3":1,"4":6,"5":1},"f":{"0":1},"b":{"0":[0,1]},"_coverageSchema":"1a1c01bbd47fc00a2c39e90264f33305004495a9","hash":"bdca05e9bf3e992b78beb726675b5fa064fddd3f"}
,"F:\\htdocs\\elastic-object\\plugins\\array\\reduceRight.js": {"path":"F:\\htdocs\\elastic-object\\plugins\\array\\reduceRight.js","statementMap":{"0":{"start":{"line":24,"column":21},"end":{"line":31,"column":1}},"1":{"start":{"line":25,"column":20},"end":{"line":25,"column":34}},"2":{"start":{"line":26,"column":22},"end":{"line":26,"column":34}},"3":{"start":{"line":27,"column":4},"end":{"line":29,"column":5}},"4":{"start":{"line":28,"column":8},"end":{"line":28,"column":77}},"5":{"start":{"line":30,"column":4},"end":{"line":30,"column":79}}},"fnMap":{"0":{"name":"(anonymous_0)","decl":{"start":{"line":24,"column":21},"end":{"line":24,"column":22}},"loc":{"start":{"line":24,"column":66},"end":{"line":31,"column":1}},"line":24}},"branchMap":{"0":{"loc":{"start":{"line":30,"column":11},"end":{"line":30,"column":78}},"type":"cond-expr","locations":[{"start":{"line":30,"column":40},"end":{"line":30,"column":64}},{"start":{"line":30,"column":67},"end":{"line":30,"column":78}}],"line":30}},"s":{"0":31,"1":1,"2":1,"3":1,"4":3,"5":1},"f":{"0":1},"b":{"0":[0,1]},"_coverageSchema":"1a1c01bbd47fc00a2c39e90264f33305004495a9","hash":"a2fa97700f70f50236fd6143ff86f69d4b159cd5"}
,"F:\\htdocs\\elastic-object\\plugins\\array\\some.js": {"path":"F:\\htdocs\\elastic-object\\plugins\\array\\some.js","statementMap":{"0":{"start":{"line":21,"column":13},"end":{"line":29,"column":1}},"1":{"start":{"line":22,"column":20},"end":{"line":22,"column":34}},"2":{"start":{"line":23,"column":4},"end":{"line":27,"column":5}},"3":{"start":{"line":24,"column":8},"end":{"line":26,"column":9}},"4":{"start":{"line":25,"column":12},"end":{"line":25,"column":24}},"5":{"start":{"line":28,"column":4},"end":{"line":28,"column":17}}},"fnMap":{"0":{"name":"(anonymous_0)","decl":{"start":{"line":21,"column":13},"end":{"line":21,"column":14}},"loc":{"start":{"line":21,"column":44},"end":{"line":29,"column":1}},"line":21}},"branchMap":{"0":{"loc":{"start":{"line":24,"column":8},"end":{"line":26,"column":9}},"type":"if","locations":[{"start":{"line":24,"column":8},"end":{"line":26,"column":9}},{"start":{},"end":{}}],"line":24}},"s":{"0":31,"1":3,"2":3,"3":3,"4":3,"5":0},"f":{"0":3},"b":{"0":[3,0]},"_coverageSchema":"1a1c01bbd47fc00a2c39e90264f33305004495a9","hash":"6372d9a1c2c79921089c3171711f15cd82a53a5d"}
,"F:\\htdocs\\elastic-object\\plugins\\array\\sort.js": {"path":"F:\\htdocs\\elastic-object\\plugins\\array\\sort.js","statementMap":{"0":{"start":{"line":22,"column":13},"end":{"line":38,"column":1}},"1":{"start":{"line":23,"column":4},"end":{"line":23,"column":47}},"2":{"start":{"line":23,"column":40},"end":{"line":23,"column":45}},"3":{"start":{"line":24,"column":22},"end":{"line":24,"column":37}},"4":{"start":{"line":25,"column":20},"end":{"line":25,"column":34}},"5":{"start":{"line":26,"column":19},"end":{"line":33,"column":5}},"6":{"start":{"line":28,"column":12},"end":{"line":30,"column":13}},"7":{"start":{"line":29,"column":16},"end":{"line":29,"column":49}},"8":{"start":{"line":31,"column":12},"end":{"line":31,"column":35}},"9":{"start":{"line":34,"column":4},"end":{"line":36,"column":7}},"10":{"start":{"line":35,"column":8},"end":{"line":35,"column":34}},"11":{"start":{"line":37,"column":4},"end":{"line":37,"column":21}}},"fnMap":{"0":{"name":"(anonymous_0)","decl":{"start":{"line":22,"column":13},"end":{"line":22,"column":14}},"loc":{"start":{"line":22,"column":34},"end":{"line":38,"column":1}},"line":22},"1":{"name":"(anonymous_1)","decl":{"start":{"line":23,"column":30},"end":{"line":23,"column":31}},"loc":{"start":{"line":23,"column":40},"end":{"line":23,"column":45}},"line":23},"2":{"name":"(anonymous_2)","decl":{"start":{"line":27,"column":8},"end":{"line":27,"column":9}},"loc":{"start":{"line":27,"column":44},"end":{"line":32,"column":9}},"line":27},"3":{"name":"(anonymous_3)","decl":{"start":{"line":34,"column":19},"end":{"line":34,"column":20}},"loc":{"start":{"line":34,"column":37},"end":{"line":36,"column":5}},"line":34}},"branchMap":{"0":{"loc":{"start":{"line":23,"column":16},"end":{"line":23,"column":46}},"type":"binary-expr","locations":[{"start":{"line":23,"column":16},"end":{"line":23,"column":25}},{"start":{"line":23,"column":30},"end":{"line":23,"column":45}}],"line":23},"1":{"loc":{"start":{"line":28,"column":12},"end":{"line":30,"column":13}},"type":"if","locations":[{"start":{"line":28,"column":12},"end":{"line":30,"column":13}},{"start":{},"end":{}}],"line":28}},"s":{"0":31,"1":2,"2":2,"3":2,"4":2,"5":2,"6":4,"7":4,"8":0,"9":2,"10":6,"11":2},"f":{"0":2,"1":2,"2":4,"3":6},"b":{"0":[2,1],"1":[4,0]},"_coverageSchema":"1a1c01bbd47fc00a2c39e90264f33305004495a9","hash":"86bbef4ec3536df4c35ee0c197a6f00cf742a228"}
,"F:\\htdocs\\elastic-object\\plugins\\native\\assign.js": {"path":"F:\\htdocs\\elastic-object\\plugins\\native\\assign.js","statementMap":{"0":{"start":{"line":24,"column":15},"end":{"line":26,"column":1}},"1":{"start":{"line":25,"column":4},"end":{"line":25,"column":56}}},"fnMap":{"0":{"name":"(anonymous_0)","decl":{"start":{"line":24,"column":15},"end":{"line":24,"column":16}},"loc":{"start":{"line":24,"column":37},"end":{"line":26,"column":1}},"line":24}},"branchMap":{},"s":{"0":31,"1":1},"f":{"0":1},"b":{},"_coverageSchema":"1a1c01bbd47fc00a2c39e90264f33305004495a9","hash":"26482a77c657d7769177fc9c43f31e0ae7953a41"}
,"F:\\htdocs\\elastic-object\\plugins\\native\\clone.js": {"path":"F:\\htdocs\\elastic-object\\plugins\\native\\clone.js","statementMap":{"0":{"start":{"line":22,"column":14},"end":{"line":24,"column":1}},"1":{"start":{"line":23,"column":4},"end":{"line":23,"column":46}}},"fnMap":{"0":{"name":"(anonymous_0)","decl":{"start":{"line":22,"column":14},"end":{"line":22,"column":15}},"loc":{"start":{"line":22,"column":26},"end":{"line":24,"column":1}},"line":22}},"branchMap":{},"s":{"0":31,"1":1},"f":{"0":1},"b":{},"_coverageSchema":"1a1c01bbd47fc00a2c39e90264f33305004495a9","hash":"8f20d4b9080410ba4a3c9af9785f1250378f18d6"}
,"F:\\htdocs\\elastic-object\\plugins\\native\\cloneProperty.js": {"path":"F:\\htdocs\\elastic-object\\plugins\\native\\cloneProperty.js","statementMap":{"0":{"start":{"line":25,"column":22},"end":{"line":28,"column":1}},"1":{"start":{"line":26,"column":18},"end":{"line":26,"column":49}},"2":{"start":{"line":27,"column":4},"end":{"line":27,"column":61}}},"fnMap":{"0":{"name":"(anonymous_0)","decl":{"start":{"line":25,"column":22},"end":{"line":25,"column":23}},"loc":{"start":{"line":25,"column":38},"end":{"line":28,"column":1}},"line":25}},"branchMap":{"0":{"loc":{"start":{"line":27,"column":11},"end":{"line":27,"column":60}},"type":"cond-expr","locations":[{"start":{"line":27,"column":34},"end":{"line":27,"column":52}},{"start":{"line":27,"column":55},"end":{"line":27,"column":60}}],"line":27}},"s":{"0":31,"1":2,"2":2},"f":{"0":2},"b":{"0":[1,1]},"_coverageSchema":"1a1c01bbd47fc00a2c39e90264f33305004495a9","hash":"28b0a74d11c5fa130f2eba3cf0e7b79d8ba33dc6"}
,"F:\\htdocs\\elastic-object\\plugins\\native\\entries.js": {"path":"F:\\htdocs\\elastic-object\\plugins\\native\\entries.js","statementMap":{"0":{"start":{"line":20,"column":16},"end":{"line":22,"column":1}},"1":{"start":{"line":21,"column":4},"end":{"line":21,"column":32}}},"fnMap":{"0":{"name":"(anonymous_0)","decl":{"start":{"line":20,"column":16},"end":{"line":20,"column":17}},"loc":{"start":{"line":20,"column":28},"end":{"line":22,"column":1}},"line":20}},"branchMap":{},"s":{"0":31,"1":18},"f":{"0":18},"b":{},"_coverageSchema":"1a1c01bbd47fc00a2c39e90264f33305004495a9","hash":"cab9876d4c9234b460985b2cacb875735848b4b3"}
,"F:\\htdocs\\elastic-object\\plugins\\native\\findPath.js": {"path":"F:\\htdocs\\elastic-object\\plugins\\native\\findPath.js","statementMap":{"0":{"start":{"line":21,"column":17},"end":{"line":28,"column":1}},"1":{"start":{"line":22,"column":17},"end":{"line":22,"column":31}},"2":{"start":{"line":23,"column":4},"end":{"line":27,"column":5}},"3":{"start":{"line":24,"column":8},"end":{"line":26,"column":9}},"4":{"start":{"line":25,"column":12},"end":{"line":25,"column":24}}},"fnMap":{"0":{"name":"(anonymous_0)","decl":{"start":{"line":21,"column":17},"end":{"line":21,"column":18}},"loc":{"start":{"line":21,"column":48},"end":{"line":28,"column":1}},"line":21}},"branchMap":{"0":{"loc":{"start":{"line":24,"column":8},"end":{"line":26,"column":9}},"type":"if","locations":[{"start":{"line":24,"column":8},"end":{"line":26,"column":9}},{"start":{},"end":{}}],"line":24}},"s":{"0":31,"1":2,"2":2,"3":20,"4":1},"f":{"0":2},"b":{"0":[1,19]},"_coverageSchema":"1a1c01bbd47fc00a2c39e90264f33305004495a9","hash":"99e000d8d16ec78956d8c3b07d70e92c964a655a"}
,"F:\\htdocs\\elastic-object\\plugins\\native\\flatten.js": {"path":"F:\\htdocs\\elastic-object\\plugins\\native\\flatten.js","statementMap":{"0":{"start":{"line":11,"column":22},"end":{"line":32,"column":1}},"1":{"start":{"line":12,"column":4},"end":{"line":14,"column":5}},"2":{"start":{"line":13,"column":8},"end":{"line":13,"column":25}},"3":{"start":{"line":15,"column":20},"end":{"line":15,"column":38}},"4":{"start":{"line":16,"column":4},"end":{"line":20,"column":5}},"5":{"start":{"line":17,"column":8},"end":{"line":19,"column":10}},"6":{"start":{"line":21,"column":4},"end":{"line":30,"column":7}},"7":{"start":{"line":23,"column":12},"end":{"line":23,"column":48}},"8":{"start":{"line":24,"column":8},"end":{"line":29,"column":9}},"9":{"start":{"line":25,"column":12},"end":{"line":25,"column":43}},"10":{"start":{"line":26,"column":12},"end":{"line":26,"column":57}},"11":{"start":{"line":28,"column":12},"end":{"line":28,"column":43}},"12":{"start":{"line":31,"column":4},"end":{"line":31,"column":21}},"13":{"start":{"line":50,"column":16},"end":{"line":52,"column":1}},"14":{"start":{"line":51,"column":4},"end":{"line":51,"column":44}}},"fnMap":{"0":{"name":"(anonymous_0)","decl":{"start":{"line":11,"column":22},"end":{"line":11,"column":23}},"loc":{"start":{"line":11,"column":61},"end":{"line":32,"column":1}},"line":11},"1":{"name":"(anonymous_1)","decl":{"start":{"line":21,"column":32},"end":{"line":21,"column":33}},"loc":{"start":{"line":21,"column":48},"end":{"line":30,"column":5}},"line":21},"2":{"name":"(anonymous_2)","decl":{"start":{"line":50,"column":16},"end":{"line":50,"column":17}},"loc":{"start":{"line":50,"column":28},"end":{"line":52,"column":1}},"line":50}},"branchMap":{"0":{"loc":{"start":{"line":11,"column":28},"end":{"line":11,"column":42}},"type":"default-arg","locations":[{"start":{"line":11,"column":40},"end":{"line":11,"column":42}}],"line":11},"1":{"loc":{"start":{"line":11,"column":44},"end":{"line":11,"column":56}},"type":"default-arg","locations":[{"start":{"line":11,"column":54},"end":{"line":11,"column":56}}],"line":11},"2":{"loc":{"start":{"line":12,"column":4},"end":{"line":14,"column":5}},"type":"if","locations":[{"start":{"line":12,"column":4},"end":{"line":14,"column":5}},{"start":{},"end":{}}],"line":12},"3":{"loc":{"start":{"line":12,"column":8},"end":{"line":12,"column":50}},"type":"binary-expr","locations":[{"start":{"line":12,"column":8},"end":{"line":12,"column":34}},{"start":{"line":12,"column":38},"end":{"line":12,"column":50}}],"line":12},"4":{"loc":{"start":{"line":16,"column":4},"end":{"line":20,"column":5}},"type":"if","locations":[{"start":{"line":16,"column":4},"end":{"line":20,"column":5}},{"start":{},"end":{}}],"line":16},"5":{"loc":{"start":{"line":23,"column":23},"end":{"line":23,"column":41}},"type":"cond-expr","locations":[{"start":{"line":23,"column":33},"end":{"line":23,"column":36}},{"start":{"line":23,"column":39},"end":{"line":23,"column":41}}],"line":23},"6":{"loc":{"start":{"line":24,"column":8},"end":{"line":29,"column":9}},"type":"if","locations":[{"start":{"line":24,"column":8},"end":{"line":29,"column":9}},{"start":{"line":27,"column":15},"end":{"line":29,"column":9}}],"line":24},"7":{"loc":{"start":{"line":24,"column":12},"end":{"line":24,"column":52}},"type":"binary-expr","locations":[{"start":{"line":24,"column":12},"end":{"line":24,"column":30}},{"start":{"line":24,"column":34},"end":{"line":24,"column":52}}],"line":24}},"s":{"0":31,"1":20,"2":0,"3":20,"4":20,"5":0,"6":20,"7":40,"8":40,"9":16,"10":16,"11":24,"12":20,"13":31,"14":4},"f":{"0":20,"1":40,"2":4},"b":{"0":[4],"1":[4],"2":[0,20],"3":[20,20],"4":[0,20],"5":[32,8],"6":[16,24],"7":[40,24]},"_coverageSchema":"1a1c01bbd47fc00a2c39e90264f33305004495a9","hash":"d6e78e79098c5688f633b1445ff251ff68fa626a"}
,"F:\\htdocs\\elastic-object\\plugins\\native\\get.js": {"path":"F:\\htdocs\\elastic-object\\plugins\\native\\get.js","statementMap":{"0":{"start":{"line":28,"column":12},"end":{"line":31,"column":1}},"1":{"start":{"line":29,"column":18},"end":{"line":29,"column":41}},"2":{"start":{"line":30,"column":4},"end":{"line":30,"column":61}}},"fnMap":{"0":{"name":"(anonymous_0)","decl":{"start":{"line":28,"column":12},"end":{"line":28,"column":13}},"loc":{"start":{"line":28,"column":28},"end":{"line":31,"column":1}},"line":28}},"branchMap":{"0":{"loc":{"start":{"line":30,"column":11},"end":{"line":30,"column":60}},"type":"cond-expr","locations":[{"start":{"line":30,"column":34},"end":{"line":30,"column":52}},{"start":{"line":30,"column":55},"end":{"line":30,"column":60}}],"line":30}},"s":{"0":31,"1":23,"2":23},"f":{"0":23},"b":{"0":[4,19]},"_coverageSchema":"1a1c01bbd47fc00a2c39e90264f33305004495a9","hash":"1286a398791db53e08abfc9801b11527686cf8c9"}
,"F:\\htdocs\\elastic-object\\plugins\\native\\has.js": {"path":"F:\\htdocs\\elastic-object\\plugins\\native\\has.js","statementMap":{"0":{"start":{"line":23,"column":12},"end":{"line":25,"column":1}},"1":{"start":{"line":24,"column":4},"end":{"line":24,"column":35}}},"fnMap":{"0":{"name":"(anonymous_0)","decl":{"start":{"line":23,"column":12},"end":{"line":23,"column":13}},"loc":{"start":{"line":23,"column":28},"end":{"line":25,"column":1}},"line":23}},"branchMap":{},"s":{"0":31,"1":4},"f":{"0":4},"b":{},"_coverageSchema":"1a1c01bbd47fc00a2c39e90264f33305004495a9","hash":"12a777df1665948a45e641e4df91c70761482174"}
,"F:\\htdocs\\elastic-object\\plugins\\native\\keys.js": {"path":"F:\\htdocs\\elastic-object\\plugins\\native\\keys.js","statementMap":{"0":{"start":{"line":19,"column":13},"end":{"line":21,"column":1}},"1":{"start":{"line":20,"column":4},"end":{"line":20,"column":29}}},"fnMap":{"0":{"name":"(anonymous_0)","decl":{"start":{"line":19,"column":13},"end":{"line":19,"column":14}},"loc":{"start":{"line":19,"column":25},"end":{"line":21,"column":1}},"line":19}},"branchMap":{},"s":{"0":31,"1":3},"f":{"0":3},"b":{},"_coverageSchema":"1a1c01bbd47fc00a2c39e90264f33305004495a9","hash":"981d47ff9449368546e3a11e352085f1f849c3c4"}
,"F:\\htdocs\\elastic-object\\plugins\\native\\paths.js": {"path":"F:\\htdocs\\elastic-object\\plugins\\native\\paths.js","statementMap":{"0":{"start":{"line":17,"column":14},"end":{"line":19,"column":1}},"1":{"start":{"line":18,"column":4},"end":{"line":18,"column":39}}},"fnMap":{"0":{"name":"(anonymous_0)","decl":{"start":{"line":17,"column":14},"end":{"line":17,"column":15}},"loc":{"start":{"line":17,"column":26},"end":{"line":19,"column":1}},"line":17}},"branchMap":{},"s":{"0":31,"1":1},"f":{"0":1},"b":{},"_coverageSchema":"1a1c01bbd47fc00a2c39e90264f33305004495a9","hash":"ec6b89d2d1dfa8112bc4dc83c7f4cbdf0475d892"}
,"F:\\htdocs\\elastic-object\\plugins\\native\\set.js": {"path":"F:\\htdocs\\elastic-object\\plugins\\native\\set.js","statementMap":{"0":{"start":{"line":27,"column":12},"end":{"line":30,"column":1}},"1":{"start":{"line":28,"column":4},"end":{"line":28,"column":35}},"2":{"start":{"line":29,"column":4},"end":{"line":29,"column":16}}},"fnMap":{"0":{"name":"(anonymous_0)","decl":{"start":{"line":27,"column":12},"end":{"line":27,"column":13}},"loc":{"start":{"line":27,"column":35},"end":{"line":30,"column":1}},"line":27}},"branchMap":{},"s":{"0":31,"1":26,"2":26},"f":{"0":26},"b":{},"_coverageSchema":"1a1c01bbd47fc00a2c39e90264f33305004495a9","hash":"ad2830beb94d5df0f52ff65da16bcafa1d092444"}
,"F:\\htdocs\\elastic-object\\plugins\\native\\toJson.js": {"path":"F:\\htdocs\\elastic-object\\plugins\\native\\toJson.js","statementMap":{"0":{"start":{"line":27,"column":15},"end":{"line":29,"column":1}},"1":{"start":{"line":28,"column":4},"end":{"line":28,"column":60}}},"fnMap":{"0":{"name":"(anonymous_0)","decl":{"start":{"line":27,"column":15},"end":{"line":27,"column":16}},"loc":{"start":{"line":27,"column":41},"end":{"line":29,"column":1}},"line":27}},"branchMap":{"0":{"loc":{"start":{"line":27,"column":25},"end":{"line":27,"column":39}},"type":"default-arg","locations":[{"start":{"line":27,"column":34},"end":{"line":27,"column":39}}],"line":27},"1":{"loc":{"start":{"line":28,"column":38},"end":{"line":28,"column":58}},"type":"cond-expr","locations":[{"start":{"line":28,"column":47},"end":{"line":28,"column":51}},{"start":{"line":28,"column":54},"end":{"line":28,"column":58}}],"line":28}},"s":{"0":31,"1":1},"f":{"0":1},"b":{"0":[1],"1":[0,1]},"_coverageSchema":"1a1c01bbd47fc00a2c39e90264f33305004495a9","hash":"94605433d40b9af96da6a6b4656fa0e7d2309aad"}
,"F:\\htdocs\\elastic-object\\plugins\\native\\unset.js": {"path":"F:\\htdocs\\elastic-object\\plugins\\native\\unset.js","statementMap":{"0":{"start":{"line":20,"column":14},"end":{"line":22,"column":1}},"1":{"start":{"line":21,"column":4},"end":{"line":21,"column":38}}},"fnMap":{"0":{"name":"(anonymous_0)","decl":{"start":{"line":20,"column":14},"end":{"line":20,"column":15}},"loc":{"start":{"line":20,"column":30},"end":{"line":22,"column":1}},"line":20}},"branchMap":{},"s":{"0":31,"1":1},"f":{"0":1},"b":{},"_coverageSchema":"1a1c01bbd47fc00a2c39e90264f33305004495a9","hash":"65ff215dcb61ed6fc3b11e9078721fd5ff3df439"}
,"F:\\htdocs\\elastic-object\\plugins\\native\\values.js": {"path":"F:\\htdocs\\elastic-object\\plugins\\native\\values.js","statementMap":{"0":{"start":{"line":13,"column":15},"end":{"line":15,"column":1}},"1":{"start":{"line":14,"column":4},"end":{"line":14,"column":31}}},"fnMap":{"0":{"name":"(anonymous_0)","decl":{"start":{"line":13,"column":15},"end":{"line":13,"column":16}},"loc":{"start":{"line":13,"column":27},"end":{"line":15,"column":1}},"line":13}},"branchMap":{},"s":{"0":31,"1":4},"f":{"0":4},"b":{},"_coverageSchema":"1a1c01bbd47fc00a2c39e90264f33305004495a9","hash":"1e6b2842051db7a7aa41eacb1a31405d29cfb5cb"}
}
