TN:
SF:ElasticObject.js
FN:44,(anonymous_0)
FN:59,(anonymous_1)
FN:78,(anonymous_2)
FN:87,(anonymous_3)
FN:107,(anonymous_4)
FN:108,(anonymous_5)
FN:117,(anonymous_6)
FNF:7
FNH:7
FNDA:1,(anonymous_0)
FNDA:19,(anonymous_1)
FNDA:2,(anonymous_2)
FNDA:57,(anonymous_3)
FNDA:58,(anonymous_4)
FNDA:1434,(anonymous_5)
FNDA:17,(anonymous_6)
DA:10,31
DA:45,1
DA:60,19
DA:79,2
DA:88,57
DA:107,57
DA:108,58
DA:109,1434
DA:110,1434
DA:115,57
DA:117,57
DA:118,17
DA:120,57
LF:13
LH:13
BRDA:59,0,0,1
BRDA:78,1,0,1
BRDA:87,2,0,1
BRDA:87,3,0,36
BRDA:109,4,0,1434
BRDA:109,4,1,0
BRDA:117,5,0,0
BRF:7
BRH:5
end_of_record
TN:
SF:data\data.js
FN:46,(anonymous_0)
FN:49,(anonymous_1)
FN:52,(anonymous_2)
FNF:3
FNH:2
FNDA:1,(anonymous_0)
FNDA:1,(anonymous_1)
FNDA:0,(anonymous_2)
DA:2,31
DA:11,31
DA:24,31
DA:45,31
DA:47,1
DA:50,1
DA:53,0
DA:57,31
DA:62,31
DA:68,31
DA:70,31
LF:11
LH:10
BRF:0
BRH:0
end_of_record
TN:
SF:plugins\array.js
FNF:0
FNH:0
LF:0
LH:0
BRF:0
BRH:0
end_of_record
TN:
SF:plugins\native.js
FNF:0
FNH:0
LF:0
LH:0
BRF:0
BRH:0
end_of_record
TN:
SF:plugins\array\every.js
FN:18,(anonymous_0)
FNF:1
FNH:1
FNDA:3,(anonymous_0)
DA:18,31
DA:19,3
DA:20,3
DA:21,17
DA:22,1
DA:25,2
LF:6
LH:6
BRDA:21,0,0,1
BRDA:21,0,1,16
BRF:2
BRH:2
end_of_record
TN:
SF:plugins\array\filter.js
FN:21,(anonymous_0)
FNF:1
FNH:1
FNDA:2,(anonymous_0)
DA:21,31
DA:22,2
DA:23,2
DA:24,2
DA:25,12
DA:26,6
DA:29,2
LF:7
LH:7
BRDA:25,0,0,6
BRDA:25,0,1,6
BRF:2
BRH:2
end_of_record
TN:
SF:plugins\array\find.js
FN:23,(anonymous_0)
FNF:1
FNH:1
FNDA:3,(anonymous_0)
DA:23,31
DA:24,3
DA:25,3
DA:26,11
DA:27,2
LF:5
LH:5
BRDA:26,0,0,2
BRDA:26,0,1,9
BRDA:27,1,0,0
BRDA:27,1,1,2
BRF:4
BRH:3
end_of_record
TN:
SF:plugins\array\forEach.js
FN:20,(anonymous_0)
FNF:1
FNH:1
FNDA:1,(anonymous_0)
DA:20,31
DA:21,1
DA:22,1
DA:23,6
LF:4
LH:4
BRF:0
BRH:0
end_of_record
TN:
SF:plugins\array\includes.js
FN:21,(anonymous_0)
FNF:1
FNH:1
FNDA:2,(anonymous_0)
DA:21,31
DA:22,2
LF:2
LH:2
BRF:0
BRH:0
end_of_record
TN:
SF:plugins\array\length.js
FN:19,(anonymous_0)
FNF:1
FNH:1
FNDA:2,(anonymous_0)
DA:19,31
DA:20,2
LF:2
LH:2
BRF:0
BRH:0
end_of_record
TN:
SF:plugins\array\map.js
FN:18,(anonymous_0)
FNF:1
FNH:1
FNDA:1,(anonymous_0)
DA:18,31
DA:19,1
DA:20,1
DA:21,1
DA:22,6
DA:24,1
LF:6
LH:6
BRF:0
BRH:0
end_of_record
TN:
SF:plugins\array\reduce.js
FN:26,(anonymous_0)
FNF:1
FNH:1
FNDA:1,(anonymous_0)
DA:26,31
DA:27,1
DA:28,1
DA:29,1
DA:30,6
DA:32,1
LF:6
LH:6
BRDA:32,0,0,0
BRDA:32,0,1,1
BRF:2
BRH:1
end_of_record
TN:
SF:plugins\array\reduceRight.js
FN:24,(anonymous_0)
FNF:1
FNH:1
FNDA:1,(anonymous_0)
DA:24,31
DA:25,1
DA:26,1
DA:27,1
DA:28,3
DA:30,1
LF:6
LH:6
BRDA:30,0,0,0
BRDA:30,0,1,1
BRF:2
BRH:1
end_of_record
TN:
SF:plugins\array\some.js
FN:21,(anonymous_0)
FNF:1
FNH:1
FNDA:3,(anonymous_0)
DA:21,31
DA:22,3
DA:23,3
DA:24,3
DA:25,3
DA:28,0
LF:6
LH:5
BRDA:24,0,0,3
BRDA:24,0,1,0
BRF:2
BRH:1
end_of_record
TN:
SF:plugins\array\sort.js
FN:22,(anonymous_0)
FN:23,(anonymous_1)
FN:27,(anonymous_2)
FN:34,(anonymous_3)
FNF:4
FNH:4
FNDA:2,(anonymous_0)
FNDA:2,(anonymous_1)
FNDA:4,(anonymous_2)
FNDA:6,(anonymous_3)
DA:22,31
DA:23,2
DA:24,2
DA:25,2
DA:26,2
DA:28,4
DA:29,4
DA:31,0
DA:34,2
DA:35,6
DA:37,2
LF:11
LH:10
BRDA:23,0,0,2
BRDA:23,0,1,1
BRDA:28,1,0,4
BRDA:28,1,1,0
BRF:4
BRH:3
end_of_record
TN:
SF:plugins\native\assign.js
FN:24,(anonymous_0)
FNF:1
FNH:1
FNDA:1,(anonymous_0)
DA:24,31
DA:25,1
LF:2
LH:2
BRF:0
BRH:0
end_of_record
TN:
SF:plugins\native\clone.js
FN:22,(anonymous_0)
FNF:1
FNH:1
FNDA:1,(anonymous_0)
DA:22,31
DA:23,1
LF:2
LH:2
BRF:0
BRH:0
end_of_record
TN:
SF:plugins\native\cloneProperty.js
FN:25,(anonymous_0)
FNF:1
FNH:1
FNDA:2,(anonymous_0)
DA:25,31
DA:26,2
DA:27,2
LF:3
LH:3
BRDA:27,0,0,1
BRDA:27,0,1,1
BRF:2
BRH:2
end_of_record
TN:
SF:plugins\native\entries.js
FN:20,(anonymous_0)
FNF:1
FNH:1
FNDA:18,(anonymous_0)
DA:20,31
DA:21,18
LF:2
LH:2
BRF:0
BRH:0
end_of_record
TN:
SF:plugins\native\findPath.js
FN:21,(anonymous_0)
FNF:1
FNH:1
FNDA:2,(anonymous_0)
DA:21,31
DA:22,2
DA:23,2
DA:24,20
DA:25,1
LF:5
LH:5
BRDA:24,0,0,1
BRDA:24,0,1,19
BRF:2
BRH:2
end_of_record
TN:
SF:plugins\native\flatten.js
FN:11,(anonymous_0)
FN:21,(anonymous_1)
FN:50,(anonymous_2)
FNF:3
FNH:3
FNDA:20,(anonymous_0)
FNDA:40,(anonymous_1)
FNDA:4,(anonymous_2)
DA:11,31
DA:12,20
DA:13,0
DA:15,20
DA:16,20
DA:17,0
DA:21,20
DA:23,40
DA:24,40
DA:25,16
DA:26,16
DA:28,24
DA:31,20
DA:50,31
DA:51,4
LF:15
LH:13
BRDA:11,0,0,4
BRDA:11,1,0,4
BRDA:12,2,0,0
BRDA:12,2,1,20
BRDA:12,3,0,20
BRDA:12,3,1,20
BRDA:16,4,0,0
BRDA:16,4,1,20
BRDA:23,5,0,32
BRDA:23,5,1,8
BRDA:24,6,0,16
BRDA:24,6,1,24
BRDA:24,7,0,40
BRDA:24,7,1,24
BRF:14
BRH:12
end_of_record
TN:
SF:plugins\native\get.js
FN:28,(anonymous_0)
FNF:1
FNH:1
FNDA:23,(anonymous_0)
DA:28,31
DA:29,23
DA:30,23
LF:3
LH:3
BRDA:30,0,0,4
BRDA:30,0,1,19
BRF:2
BRH:2
end_of_record
TN:
SF:plugins\native\has.js
FN:23,(anonymous_0)
FNF:1
FNH:1
FNDA:4,(anonymous_0)
DA:23,31
DA:24,4
LF:2
LH:2
BRF:0
BRH:0
end_of_record
TN:
SF:plugins\native\keys.js
FN:19,(anonymous_0)
FNF:1
FNH:1
FNDA:3,(anonymous_0)
DA:19,31
DA:20,3
LF:2
LH:2
BRF:0
BRH:0
end_of_record
TN:
SF:plugins\native\paths.js
FN:17,(anonymous_0)
FNF:1
FNH:1
FNDA:1,(anonymous_0)
DA:17,31
DA:18,1
LF:2
LH:2
BRF:0
BRH:0
end_of_record
TN:
SF:plugins\native\set.js
FN:27,(anonymous_0)
FNF:1
FNH:1
FNDA:26,(anonymous_0)
DA:27,31
DA:28,26
DA:29,26
LF:3
LH:3
BRF:0
BRH:0
end_of_record
TN:
SF:plugins\native\toJson.js
FN:27,(anonymous_0)
FNF:1
FNH:1
FNDA:1,(anonymous_0)
DA:27,31
DA:28,1
LF:2
LH:2
BRDA:27,0,0,1
BRDA:28,1,0,0
BRDA:28,1,1,1
BRF:3
BRH:2
end_of_record
TN:
SF:plugins\native\unset.js
FN:20,(anonymous_0)
FNF:1
FNH:1
FNDA:1,(anonymous_0)
DA:20,31
DA:21,1
LF:2
LH:2
BRF:0
BRH:0
end_of_record
TN:
SF:plugins\native\values.js
FN:13,(anonymous_0)
FNF:1
FNH:1
FNDA:4,(anonymous_0)
DA:13,31
DA:14,4
LF:2
LH:2
BRF:0
BRH:0
end_of_record
